#
# There is insufficient memory for the Java Runtime Environment to continue.
# Native memory allocation (mmap) failed to map 2097152 bytes for G1 virtual space
# Possible reasons:
#   The system is out of physical RAM or swap space
#   The process is running with CompressedOops enabled, and the Java Heap may be blocking the growth of the native heap
# Possible solutions:
#   Reduce memory load on the system
#   Increase physical memory or swap space
#   Check if swap backing store is full
#   Decrease Java heap size (-Xmx/-Xms)
#   Decrease number of Java threads
#   Decrease Java thread stack sizes (-Xss)
#   Set larger code cache with -XX:ReservedCodeCacheSize=
#   JVM is running with Unscaled Compressed Oops mode in which the Java heap is
#     placed in the first 4GB address space. The Java Heap base address is the
#     maximum limit for the native heap growth. Please use -XX:HeapBaseMinAddress
#     to set the Java Heap base and to place the Java Heap above 4GB virtual address.
# This output file may be truncated or incomplete.
#
#  Out of Memory Error (os_windows.cpp:3469), pid=11140, tid=4864
#
# JRE version:  (17.0.1+12) (build )
# Java VM: OpenJDK 64-Bit Server VM (17.0.1+12, mixed mode, sharing, tiered, compressed oops, compressed class ptrs, g1 gc, windows-amd64)
# No core dump will be written. Minidumps are not enabled by default on client versions of Windows
#

---------------  S U M M A R Y ------------

Command Line: -Dfile.encoding=Cp1252 --module-path=C:\Users\abu.raihan\Xml Creator\bin -XX:+ShowCodeDetailsInExceptionMessages -Djdk.module.main=XmlCreator XmlCreator/Xml.XMLcreator

Host: Intel(R) Xeon(R) CPU E5-2660 v3 @ 2.60GHz, 4 cores, 7G,  Windows 10 , 64 bit Build 17763 (10.0.17763.4377)
Time: Thu Jul  6 20:36:08 2023 India Standard Time elapsed time: 0.065716 seconds (0d 0h 0m 0s)

---------------  T H R E A D  ---------------

Current thread (0x0000026003283190):  JavaThread "Unknown thread" [_thread_in_vm, id=4864, stack(0x000000b4d4800000,0x000000b4d4900000)]

Stack: [0x000000b4d4800000,0x000000b4d4900000]
Native frames: (J=compiled Java code, j=interpreted, Vv=VM code, C=native code)
V  [jvm.dll+0x6744da]
V  [jvm.dll+0x82e144]
V  [jvm.dll+0x82f8ee]
V  [jvm.dll+0x82ff53]
V  [jvm.dll+0x245175]
V  [jvm.dll+0x6714c9]
V  [jvm.dll+0x665f92]
V  [jvm.dll+0x303c3b]
V  [jvm.dll+0x30b176]
V  [jvm.dll+0x35af33]
V  [jvm.dll+0x35b14f]
V  [jvm.dll+0x2dab78]
V  [jvm.dll+0x2dbae4]
V  [jvm.dll+0x7ffdf1]
V  [jvm.dll+0x368c91]
V  [jvm.dll+0x7df2cc]
V  [jvm.dll+0x3eb59f]
V  [jvm.dll+0x3ed121]
C  [jli.dll+0x5277]
C  [ucrtbase.dll+0x2268a]
C  [KERNEL32.DLL+0x17ac4]
C  [ntdll.dll+0x5a351]


---------------  P R O C E S S  ---------------

Threads class SMR info:
_java_thread_list=0x00007ffa56cb4e58, length=0, elements={
}

Java Threads: ( => current thread )

Other Threads:
  0x00000260032c22b0 GCTaskThread "GC Thread#0" [stack: 0x000000b4d4900000,0x000000b4d4a00000] [id=10952]
  0x00000260032d3100 ConcurrentGCThread "G1 Main Marker" [stack: 0x000000b4d4a00000,0x000000b4d4b00000] [id=18768]
  0x00000260032d7570 ConcurrentGCThread "G1 Conc#0" [stack: 0x000000b4d4b00000,0x000000b4d4c00000] [id=18940]

[error occurred during error reporting (printing all threads), id 0xc0000005, EXCEPTION_ACCESS_VIOLATION (0xc0000005) at pc=0x00007ffa5648b5f7]

VM state: not at safepoint (not fully initialized)

VM Mutex/Monitor currently owned by a thread:  ([mutex/lock_event])
[0x000002600327e080] Heap_lock - owner thread: 0x0000026003283190

Heap address: 0x0000000080000000, size: 2048 MB, Compressed Oops mode: 32-bit

CDS archive(s) mapped at: [0x0000000000000000-0x0000000000000000-0x0000000000000000), size 0, SharedBaseAddress: 0x0000000800000000, ArchiveRelocationMode: 0.
Narrow klass base: 0x0000000000000000, Narrow klass shift: 0, Narrow klass range: 0x0

GC Precious Log:
<Empty>

Heap:
 garbage-first heap   total 0K, used 0K [0x0000000080000000, 0x0000000100000000)
  region size 1024K, 0 young (0K), 0 survivors (0K)

[error occurred during error reporting (printing heap information), id 0xc0000005, EXCEPTION_ACCESS_VIOLATION (0xc0000005) at pc=0x00007ffa5686d729]

GC Heap History (0 events):
No events

Deoptimization events (0 events):
No events

Classes unloaded (0 events):
No events

Classes redefined (0 events):
No events

Internal exceptions (0 events):
No events

VM Operations (0 events):
No events

Events (1 events):
Event: 0.032 Loaded shared library C:\Program Files\eclipse\plugins\org.eclipse.justj.openjdk.hotspot.jre.full.win32.x86_64_17.0.1.v20211116-1657\jre\bin\java.dll


Dynamic libraries:
0x00007ff78fb60000 - 0x00007ff78fb6e000 	C:\Program Files\eclipse\plugins\org.eclipse.justj.openjdk.hotspot.jre.full.win32.x86_64_17.0.1.v20211116-1657\jre\bin\javaw.exe
0x00007ffab7340000 - 0x00007ffab752f000 	C:\Windows\SYSTEM32\ntdll.dll
0x00007ffab5920000 - 0x00007ffab59d3000 	C:\Windows\System32\KERNEL32.DLL
0x00007ffab4150000 - 0x00007ffab43ed000 	C:\Windows\System32\KERNELBASE.dll
0x00007ffab3630000 - 0x00007ffab372a000 	C:\Windows\System32\ucrtbase.dll
0x00007ffa9aca0000 - 0x00007ffa9acb8000 	C:\Program Files\eclipse\plugins\org.eclipse.justj.openjdk.hotspot.jre.full.win32.x86_64_17.0.1.v20211116-1657\jre\bin\jli.dll
0x00007ffab55a0000 - 0x00007ffab5738000 	C:\Windows\System32\USER32.dll
0x00007ffa9ac50000 - 0x00007ffa9ac69000 	C:\Program Files\eclipse\plugins\org.eclipse.justj.openjdk.hotspot.jre.full.win32.x86_64_17.0.1.v20211116-1657\jre\bin\VCRUNTIME140.dll
0x00007ffab33d0000 - 0x00007ffab33f0000 	C:\Windows\System32\win32u.dll
0x00007ffab1240000 - 0x00007ffab14b9000 	C:\Windows\WinSxS\amd64_microsoft.windows.common-controls_6595b64144ccf1df_6.0.17763.4499_none_de761d2e534700e4\COMCTL32.dll
0x00007ffab59e0000 - 0x00007ffab5a09000 	C:\Windows\System32\GDI32.dll
0x00007ffab5d40000 - 0x00007ffab5dde000 	C:\Windows\System32\msvcrt.dll
0x00007ffab3480000 - 0x00007ffab3626000 	C:\Windows\System32\gdi32full.dll
0x00007ffab44d0000 - 0x00007ffab4570000 	C:\Windows\System32\msvcp_win.dll
0x00007ffab5a10000 - 0x00007ffab5d3b000 	C:\Windows\System32\combase.dll
0x00007ffab5240000 - 0x00007ffab535e000 	C:\Windows\System32\RPCRT4.dll
0x00007ffab33f0000 - 0x00007ffab3472000 	C:\Windows\System32\bcryptPrimitives.dll
0x00007ffab5de0000 - 0x00007ffab5e0e000 	C:\Windows\System32\IMM32.DLL
0x00000260010d0000 - 0x00000260010e4000 	C:\Windows\System32\umppc16812.dll
0x00007ffab31c0000 - 0x00007ffab31f8000 	C:\Program Files\Citrix\System32\MfApHook64.dll
0x00007ffab3100000 - 0x00007ffab3112000 	C:\Program Files\Citrix\IcaService\FullScreenHook64.dll
0x00007ffab4d80000 - 0x00007ffab4e27000 	C:\Windows\System32\ADVAPI32.dll
0x00007ffab5040000 - 0x00007ffab50df000 	C:\Windows\System32\sechost.dll
0x00007ffa78ac0000 - 0x00007ffa78b51000 	C:\Program Files\eclipse\plugins\org.eclipse.justj.openjdk.hotspot.jre.full.win32.x86_64_17.0.1.v20211116-1657\jre\bin\MSVCP140.dll
0x00007ffaaae20000 - 0x00007ffaaae2c000 	C:\Program Files\eclipse\plugins\org.eclipse.justj.openjdk.hotspot.jre.full.win32.x86_64_17.0.1.v20211116-1657\jre\bin\VCRUNTIME140_1.dll
0x00007ffab29e0000 - 0x00007ffab2a0a000 	C:\Program Files\Citrix\ICAService\ShellHook64.dll
0x00007ffab5490000 - 0x00007ffab54e2000 	C:\Windows\System32\SHLWAPI.dll
0x00007ffab28d0000 - 0x00007ffab29df000 	C:\Program Files\Citrix\IcaService\SCardHook64.dll
0x00007ffab25e0000 - 0x00007ffab2600000 	C:\Program Files\Citrix\ICAService\cxinjime64.dll
0x00007ffab24b0000 - 0x00007ffab24d6000 	C:\Program Files\Citrix\ICAService\PicaWtsHook64.dll
0x00007ffa561a0000 - 0x00007ffa56de6000 	C:\Program Files\eclipse\plugins\org.eclipse.justj.openjdk.hotspot.jre.full.win32.x86_64_17.0.1.v20211116-1657\jre\bin\server\jvm.dll
0x00007ffab5160000 - 0x00007ffab5168000 	C:\Windows\System32\PSAPI.DLL
0x00007ffa9ced0000 - 0x00007ffa9ced9000 	C:\Windows\SYSTEM32\WSOCK32.dll
0x00007ffab58b0000 - 0x00007ffab591d000 	C:\Windows\System32\WS2_32.dll
0x00007ffaae770000 - 0x00007ffaae794000 	C:\Windows\SYSTEM32\WINMM.dll
0x00007ffab2fb0000 - 0x00007ffab2fba000 	C:\Windows\SYSTEM32\VERSION.dll
0x00007ffaae570000 - 0x00007ffaae59d000 	C:\Windows\SYSTEM32\WINMMBASE.dll
0x00007ffab4450000 - 0x00007ffab449a000 	C:\Windows\System32\cfgmgr32.dll
0x00007ffab3380000 - 0x00007ffab3391000 	C:\Windows\System32\kernel.appcore.dll
0x00007ffa962f0000 - 0x00007ffa962fa000 	C:\Program Files\eclipse\plugins\org.eclipse.justj.openjdk.hotspot.jre.full.win32.x86_64_17.0.1.v20211116-1657\jre\bin\jimage.dll
0x00007ffab0a90000 - 0x00007ffab0c7d000 	C:\Windows\SYSTEM32\DBGHELP.DLL
0x00007ffa9ab70000 - 0x00007ffa9ab9a000 	C:\Windows\SYSTEM32\dbgcore.DLL
0x00007ffa8dcf0000 - 0x00007ffa8dd15000 	C:\Program Files\eclipse\plugins\org.eclipse.justj.openjdk.hotspot.jre.full.win32.x86_64_17.0.1.v20211116-1657\jre\bin\java.dll

dbghelp: loaded successfully - version: 4.0.5 - missing functions: none
symbol engine: initialized successfully - sym options: 0x614 - pdb path: .;C:\Program Files\eclipse\plugins\org.eclipse.justj.openjdk.hotspot.jre.full.win32.x86_64_17.0.1.v20211116-1657\jre\bin;C:\Windows\SYSTEM32;C:\Windows\WinSxS\amd64_microsoft.windows.common-controls_6595b64144ccf1df_6.0.17763.4499_none_de761d2e534700e4;C:\Program Files\Citrix\System32;C:\Program Files\Citrix\IcaService;C:\Program Files\eclipse\plugins\org.eclipse.justj.openjdk.hotspot.jre.full.win32.x86_64_17.0.1.v20211116-1657\jre\bin\server

VM Arguments:
jvm_args: -Dfile.encoding=Cp1252 --module-path=C:\Users\abu.raihan\Xml Creator\bin -XX:+ShowCodeDetailsInExceptionMessages -Djdk.module.main=XmlCreator 
java_command: XmlCreator/Xml.XMLcreator
java_class_path (initial): <not set>
Launcher Type: SUN_STANDARD

[Global flags]
     intx CICompilerCount                          = 3                                         {product} {ergonomic}
     uint ConcGCThreads                            = 1                                         {product} {ergonomic}
     uint G1ConcRefinementThreads                  = 4                                         {product} {ergonomic}
   size_t G1HeapRegionSize                         = 1048576                                   {product} {ergonomic}
    uintx GCDrainStackTargetSize                   = 64                                        {product} {ergonomic}
   size_t InitialHeapSize                          = 134217728                                 {product} {ergonomic}
   size_t MarkStackSize                            = 4194304                                   {product} {ergonomic}
   size_t MaxHeapSize                              = 2147483648                                {product} {ergonomic}
   size_t MinHeapDeltaBytes                        = 1048576                                   {product} {ergonomic}
   size_t MinHeapSize                              = 8388608                                   {product} {ergonomic}
    uintx NonNMethodCodeHeapSize                   = 5832780                                {pd product} {ergonomic}
    uintx NonProfiledCodeHeapSize                  = 122912730                              {pd product} {ergonomic}
    uintx ProfiledCodeHeapSize                     = 122912730                              {pd product} {ergonomic}
    uintx ReservedCodeCacheSize                    = 251658240                              {pd product} {ergonomic}
     bool SegmentedCodeCache                       = true                                      {product} {ergonomic}
     bool ShowCodeDetailsInExceptionMessages       = true                                   {manageable} {command line}
   size_t SoftMaxHeapSize                          = 2147483648                             {manageable} {ergonomic}
     bool UseCompressedClassPointers               = true                           {product lp64_product} {ergonomic}
     bool UseCompressedOops                        = true                           {product lp64_product} {ergonomic}
     bool UseG1GC                                  = true                                      {product} {ergonomic}
     bool UseLargePagesIndividualAllocation        = false                                  {pd product} {ergonomic}

Logging:
Log output configuration:
 #0: stdout all=warning uptime,level,tags
 #1: stderr all=off uptime,level,tags

Environment Variables:
JAVA_HOME=C:\Program Files\Java\jdk1.8.0_211
PATH=C:/Program Files/eclipse//plugins/org.eclipse.justj.openjdk.hotspot.jre.full.win32.x86_64_17.0.1.v20211116-1657/jre/bin/server;C:/Program Files/eclipse//plugins/org.eclipse.justj.openjdk.hotspot.jre.full.win32.x86_64_17.0.1.v20211116-1657/jre/bin;C:\Program Files (x86)\Common Files\Oracle\Java\javapath;C:\Windows\system32;C:\Windows;C:\Windows\System32\Wbem;C:\Windows\System32\WindowsPowerShell\v1.0\;C:\Windows\System32\OpenSSH\;C:\Program Files\Citrix\System32\;C:\Program Files\Citrix\ICAService\;C:\Program Files\apache-maven-3.8.4\bin;C:\Program Files (x86)\Citrix\Workspace Environment Management Agent;C:\Program Files\Git\cmd;C:\Program Files\Microsoft VS Code\bin;C:\Program Files\nodejs\;C:\Users\abu.raihan\AppData\Local\Microsoft\WindowsApps;C:\Users\abu.raihan\AppData\Local\Programs\Git\cmd;C:\Program Files\eclipse;
USERNAME=abu.raihan
OS=Windows_NT
PROCESSOR_IDENTIFIER=Intel64 Family 6 Model 45 Stepping 2, GenuineIntel



---------------  S Y S T E M  ---------------

OS:
 Windows 10 , 64 bit Build 17763 (10.0.17763.4377)
OS uptime: 2 days 1:54 hours
Hyper-V role detected

CPU: total 4 (initial active 4) (4 cores per cpu, 1 threads per core) family 6 model 45 stepping 2 microcode 0x49, cx8, cmov, fxsr, mmx, sse, sse2, sse3, ssse3, sse4.1, sse4.2, popcnt, tsc, tscinvbit, avx, aes, clmul, vzeroupper, clflush, hv

Memory: 4k page, system-wide physical 8191M (1454M free)
TotalPageFile size 13730M (AvailPageFile size 7M)
current process WorkingSet (physical memory assigned to process): 11M, peak: 11M
current process commit charge ("private bytes"): 180M, peak: 182M

vm_info: OpenJDK 64-Bit Server VM (17.0.1+12) for windows-amd64 JRE (17.0.1+12), built on Oct 20 2021 07:42:55 by "" with MS VC++ 16.7 (VS2019)

END.
